
6월 22, 2023 15:18:13.168 NEW SESSION
6월 22, 2023 15:18:13.168 [13108:22828:0622/151813.166:ERROR:device_event_log_impl.cc(222)] [15:18:13.166] USB: usb_service_win.cc:415 Could not read device interface GUIDs: 지정된 파일을 찾을 수 없습니다. (0x2)
6월 22, 2023 15:22:52.134 [13108:22828:0622/152252.132:ERROR:command_buffer_proxy_impl.cc(325)] GPU state invalid after WaitForGetOffsetInRange.
6월 22, 2023 15:29:08.708 [13644:1872:0622/152908.708:ERROR:device_event_log_impl.cc(222)] [15:29:08.708] USB: usb_service_win.cc:415 Could not read device interface GUIDs: 지정된 파일을 찾을 수 없습니다. (0x2)
6월 22, 2023 15:38:06.841 [5240:22868:0622/153806.840:ERROR:device_event_log_impl.cc(222)] [15:38:06.840] USB: usb_service_win.cc:415 Could not read device interface GUIDs: 지정된 파일을 찾을 수 없습니다. (0x2)
6월 22, 2023 16:02:02.522 [16776:7664:0622/160202.521:ERROR:device_event_log_impl.cc(222)] [16:02:02.521] USB: usb_service_win.cc:415 Could not read device interface GUIDs: 지정된 파일을 찾을 수 없습니다. (0x2)
6월 22, 2023 16:03:06.949 [13620:10120:0622/160306.949:ERROR:device_event_log_impl.cc(222)] [16:03:06.948] USB: usb_service_win.cc:415 Could not read device interface GUIDs: 지정된 파일을 찾을 수 없습니다. (0x2)
6월 22, 2023 16:22:45.662 [19784:21652:0622/162245.660:ERROR:device_event_log_impl.cc(222)] [16:22:45.661] USB: usb_service_win.cc:415 Could not read device interface GUIDs: 지정된 파일을 찾을 수 없습니다. (0x2)

6월 23, 2023 10:01:49.578 NEW SESSION
6월 23, 2023 10:01:49.579 [4608:11996:0623/100149.573:ERROR:device_event_log_impl.cc(222)] [10:01:49.573] USB: usb_service_win.cc:415 Could not read device interface GUIDs: 지정된 파일을 찾을 수 없습니다. (0x2)
6월 23, 2023 10:02:12.325 [4500:16516:0623/100212.325:ERROR:device_event_log_impl.cc(222)] [10:02:12.322] USB: usb_service_win.cc:415 Could not read device interface GUIDs: 지정된 파일을 찾을 수 없습니다. (0x2)
6월 23, 2023 10:06:21.606 [19844:3380:0623/100621.606:ERROR:device_event_log_impl.cc(222)] [10:06:21.606] USB: usb_service_win.cc:415 Could not read device interface GUIDs: 지정된 파일을 찾을 수 없습니다. (0x2)

6월 23, 2023 10:13:00.988 NEW SESSION
6월 23, 2023 10:13:00.988 [3620:13124:0623/101300.987:ERROR:device_event_log_impl.cc(222)] [10:13:00.987] USB: usb_service_win.cc:415 Could not read device interface GUIDs: 지정된 파일을 찾을 수 없습니다. (0x2)
6월 23, 2023 10:25:25.225 [3620:13124:0623/102525.224:ERROR:interface_endpoint_client.cc(697)] Message 1 rejected by interface blink.mojom.WidgetHost
6월 23, 2023 10:46:02.919 [3620:13124:0623/104602.919:ERROR:interface_endpoint_client.cc(697)] Message 0 rejected by interface blink.mojom.WidgetHost
6월 23, 2023 10:49:13.754 [1956:16880:0623/104913.754:ERROR:device_event_log_impl.cc(222)] [10:49:13.754] USB: usb_service_win.cc:415 Could not read device interface GUIDs: 지정된 파일을 찾을 수 없습니다. (0x2)
6월 23, 2023 10:49:26.653 [14548:17160:0623/104926.652:ERROR:device_event_log_impl.cc(222)] [10:49:26.652] USB: usb_service_win.cc:415 Could not read device interface GUIDs: 지정된 파일을 찾을 수 없습니다. (0x2)
6월 23, 2023 11:21:18.981 [14548:17160:0623/112118.981:ERROR:device_event_log_impl.cc(222)] [11:21:18.981] USB: usb_service_win.cc:104 SetupDiGetDeviceProperty({{A45C254E-DF1C-4EFD-8020-67D146A850E0}, 6}) failed: 요소가 없습니다. (0x490)
6월 23, 2023 12:09:00.760 [21452:13236:0623/120900.759:ERROR:device_event_log_impl.cc(222)] [12:09:00.759] USB: usb_service_win.cc:415 Could not read device interface GUIDs: 지정된 파일을 찾을 수 없습니다. (0x2)
6월 23, 2023 14:02:14.89 [22732:17136:0623/140214.088:ERROR:device_event_log_impl.cc(222)] [14:02:14.088] USB: usb_service_win.cc:415 Could not read device interface GUIDs: 지정된 파일을 찾을 수 없습니다. (0x2)
6월 23, 2023 14:02:20.981 [22732:17136:0623/140220.980:ERROR:interface_endpoint_client.cc(697)] Message 0 rejected by interface blink.mojom.WidgetHost
6월 23, 2023 14:23:40.83 [17176:3288:0623/142340.083:ERROR:device_event_log_impl.cc(222)] [14:23:40.084] USB: usb_service_win.cc:415 Could not read device interface GUIDs: 지정된 파일을 찾을 수 없습니다. (0x2)
6월 23, 2023 14:29:51.306 [9316:2916:0623/142951.306:ERROR:device_event_log_impl.cc(222)] [14:29:51.305] USB: usb_service_win.cc:415 Could not read device interface GUIDs: 지정된 파일을 찾을 수 없습니다. (0x2)
6월 23, 2023 14:30:31.775 [2032:20792:0623/143031.774:ERROR:device_event_log_impl.cc(222)] [14:30:31.774] USB: usb_service_win.cc:415 Could not read device interface GUIDs: 지정된 파일을 찾을 수 없습니다. (0x2)

6월 26, 2023 09:11:50.694 NEW SESSION
6월 26, 2023 09:11:50.694 [27100:14976:0626/091150.692:ERROR:device_event_log_impl.cc(222)] [09:11:50.692] USB: usb_service_win.cc:415 Could not read device interface GUIDs: 지정된 파일을 찾을 수 없습니다. (0x2)
6월 26, 2023 09:15:22.13 [14480:27164:0626/091522.012:ERROR:device_event_log_impl.cc(222)] [09:15:22.013] USB: usb_service_win.cc:415 Could not read device interface GUIDs: 지정된 파일을 찾을 수 없습니다. (0x2)
6월 26, 2023 09:34:15.421 [16960:14744:0626/093415.420:ERROR:device_event_log_impl.cc(222)] [09:34:15.420] USB: usb_service_win.cc:415 Could not read device interface GUIDs: 지정된 파일을 찾을 수 없습니다. (0x2)
6월 26, 2023 09:34:25.98 [22236:5324:0626/093425.098:ERROR:device_event_log_impl.cc(222)] [09:34:25.098] USB: usb_service_win.cc:415 Could not read device interface GUIDs: 지정된 파일을 찾을 수 없습니다. (0x2)
6월 26, 2023 09:36:12.441 [23116:20632:0626/093612.441:ERROR:device_event_log_impl.cc(222)] [09:36:12.440] USB: usb_service_win.cc:415 Could not read device interface GUIDs: 지정된 파일을 찾을 수 없습니다. (0x2)
6월 26, 2023 09:36:24.658 [3104:6712:0626/093624.657:ERROR:device_event_log_impl.cc(222)] [09:36:24.658] USB: usb_service_win.cc:415 Could not read device interface GUIDs: 지정된 파일을 찾을 수 없습니다. (0x2)
6월 26, 2023 09:37:19.63 [18172:21168:0626/093719.062:ERROR:device_event_log_impl.cc(222)] [09:37:19.062] USB: usb_service_win.cc:415 Could not read device interface GUIDs: 지정된 파일을 찾을 수 없습니다. (0x2)
6월 26, 2023 10:00:55.940 [18172:21168:0626/100055.940:ERROR:command_buffer_proxy_impl.cc(325)] GPU state invalid after WaitForGetOffsetInRange.
6월 26, 2023 10:00:55.941 [18172:21168:0626/100055.940:ERROR:command_buffer_proxy_impl.cc(325)] GPU state invalid after WaitForGetOffsetInRange.
6월 26, 2023 10:01:18.593 [3000:8576:0626/100118.593:ERROR:device_event_log_impl.cc(222)] [10:01:18.592] USB: usb_service_win.cc:415 Could not read device interface GUIDs: 지정된 파일을 찾을 수 없습니다. (0x2)
6월 26, 2023 10:01:37.763 [2460:20792:0626/100137.761:ERROR:device_event_log_impl.cc(222)] [10:01:37.761] USB: usb_service_win.cc:415 Could not read device interface GUIDs: 지정된 파일을 찾을 수 없습니다. (0x2)
6월 26, 2023 10:06:47.415 [26032:14060:0626/100647.414:ERROR:device_event_log_impl.cc(222)] [10:06:47.412] USB: usb_service_win.cc:415 Could not read device interface GUIDs: 지정된 파일을 찾을 수 없습니다. (0x2)
6월 26, 2023 10:07:29.870 [20580:16876:0626/100729.869:ERROR:device_event_log_impl.cc(222)] [10:07:29.870] USB: usb_service_win.cc:415 Could not read device interface GUIDs: 지정된 파일을 찾을 수 없습니다. (0x2)
6월 26, 2023 10:34:27.537 [18588:22328:0626/103427.536:ERROR:device_event_log_impl.cc(222)] [10:34:27.536] USB: usb_service_win.cc:415 Could not read device interface GUIDs: 지정된 파일을 찾을 수 없습니다. (0x2)
6월 26, 2023 10:34:48.425 [12992:12348:0626/103448.425:ERROR:device_event_log_impl.cc(222)] [10:34:48.425] USB: usb_service_win.cc:415 Could not read device interface GUIDs: 지정된 파일을 찾을 수 없습니다. (0x2)
6월 26, 2023 10:42:17.935 [8828:25448:0626/104217.934:ERROR:device_event_log_impl.cc(222)] [10:42:17.934] USB: usb_service_win.cc:415 Could not read device interface GUIDs: 지정된 파일을 찾을 수 없습니다. (0x2)
6월 26, 2023 10:43:53.233 [26804:13672:0626/104353.233:ERROR:device_event_log_impl.cc(222)] [10:43:53.232] USB: usb_service_win.cc:415 Could not read device interface GUIDs: 지정된 파일을 찾을 수 없습니다. (0x2)
6월 26, 2023 10:45:31.162 [26804:13672:0626/104531.162:ERROR:page_load_metrics_update_dispatcher.cc(178)] Invalid first_paint (unset) for first_image_paint 0.579 s
6월 26, 2023 10:45:41.153 [26804:13672:0626/104541.152:ERROR:page_load_metrics_update_dispatcher.cc(178)] Invalid first_paint 0.496 s for first_image_paint 0.48 s
6월 26, 2023 10:45:41.527 [26804:13672:0626/104541.527:ERROR:page_load_metrics_update_dispatcher.cc(178)] Invalid first_paint 0.496 s for first_image_paint 0.48 s
6월 26, 2023 10:45:41.647 [26804:13672:0626/104541.647:ERROR:page_load_metrics_update_dispatcher.cc(178)] Invalid first_paint 0.496 s for first_image_paint 0.48 s
6월 26, 2023 10:45:41.755 [26804:13672:0626/104541.755:ERROR:page_load_metrics_update_dispatcher.cc(178)] Invalid first_paint 0.496 s for first_image_paint 0.48 s
6월 26, 2023 10:45:41.949 [26804:13672:0626/104541.949:ERROR:page_load_metrics_update_dispatcher.cc(178)] Invalid first_paint 0.496 s for first_image_paint 0.48 s
6월 26, 2023 10:45:42.252 [26804:13672:0626/104542.251:ERROR:page_load_metrics_update_dispatcher.cc(178)] Invalid first_paint 0.496 s for first_image_paint 0.48 s
6월 26, 2023 10:45:42.353 [26804:13672:0626/104542.353:ERROR:page_load_metrics_update_dispatcher.cc(178)] Invalid first_paint 0.496 s for first_image_paint 0.48 s
6월 26, 2023 10:45:43.303 [26804:13672:0626/104543.303:ERROR:page_load_metrics_update_dispatcher.cc(178)] Invalid first_paint 0.496 s for first_image_paint 0.48 s
6월 26, 2023 10:45:43.622 [26804:13672:0626/104543.622:ERROR:page_load_metrics_update_dispatcher.cc(178)] Invalid first_paint 0.496 s for first_image_paint 0.48 s
6월 26, 2023 10:45:43.755 [26804:13672:0626/104543.755:ERROR:page_load_metrics_update_dispatcher.cc(178)] Invalid first_paint 0.496 s for first_image_paint 0.48 s
6월 26, 2023 10:45:45.486 [26804:13672:0626/104545.486:ERROR:page_load_metrics_update_dispatcher.cc(178)] Invalid first_paint 0.496 s for first_image_paint 0.48 s
6월 26, 2023 10:45:45.588 [26804:13672:0626/104545.586:ERROR:page_load_metrics_update_dispatcher.cc(178)] Invalid first_paint 0.496 s for first_image_paint 0.48 s
6월 26, 2023 10:45:46.103 [26804:13672:0626/104546.103:ERROR:page_load_metrics_update_dispatcher.cc(178)] Invalid first_paint 0.496 s for first_image_paint 0.48 s
6월 26, 2023 10:45:46.229 [26804:13672:0626/104546.228:ERROR:page_load_metrics_update_dispatcher.cc(178)] Invalid first_paint 0.496 s for first_image_paint 0.48 s
6월 26, 2023 10:45:51.815 [26804:13672:0626/104551.815:ERROR:page_load_metrics_update_dispatcher.cc(178)] Invalid first_paint 0.496 s for first_image_paint 0.48 s
6월 26, 2023 10:46:02.450 [26804:13672:0626/104602.450:ERROR:page_load_metrics_update_dispatcher.cc(178)] Invalid first_paint 0.496 s for first_image_paint 0.48 s
6월 26, 2023 10:46:12.155 [26804:13672:0626/104612.155:ERROR:page_load_metrics_update_dispatcher.cc(178)] Invalid first_paint 0.496 s for first_image_paint 0.48 s
6월 26, 2023 10:46:22.139 [26804:13672:0626/104622.139:ERROR:page_load_metrics_update_dispatcher.cc(178)] Invalid first_paint 0.496 s for first_image_paint 0.48 s
6월 26, 2023 10:46:34.131 [26804:13672:0626/104634.131:ERROR:page_load_metrics_update_dispatcher.cc(178)] Invalid first_paint 0.496 s for first_image_paint 0.48 s
6월 26, 2023 10:49:10.278 [26804:13672:0626/104910.278:ERROR:page_load_metrics_update_dispatcher.cc(178)] Invalid first_paint 0.496 s for first_image_paint 0.48 s
6월 26, 2023 10:50:38.281 [16040:14024:0626/105038.281:ERROR:device_event_log_impl.cc(222)] [10:50:38.281] USB: usb_service_win.cc:415 Could not read device interface GUIDs: 지정된 파일을 찾을 수 없습니다. (0x2)

6월 27, 2023 09:29:00.348 NEW SESSION
6월 27, 2023 09:29:00.348 [18020:13436:0627/092900.346:ERROR:device_event_log_impl.cc(222)] [09:29:00.347] USB: usb_service_win.cc:415 Could not read device interface GUIDs: 지정된 파일을 찾을 수 없습니다. (0x2)
6월 27, 2023 12:05:48.309 [17872:17324:0627/120548.309:ERROR:device_event_log_impl.cc(222)] [12:05:48.309] USB: usb_service_win.cc:415 Could not read device interface GUIDs: 지정된 파일을 찾을 수 없습니다. (0x2)
